<?xml version="1.0" encoding="UTF-8"?>
<testsuite xmlns:xsi="http://www.w3.org/2001/XMLSchema-instance" xsi:noNamespaceSchemaLocation="https://maven.apache.org/surefire/maven-surefire-plugin/xsd/surefire-test-report.xsd" version="3.0.2" name="com.Vaibhav.Food_Ordering_App.FoodOrderingAppApplicationTests" time="39.956" tests="1" errors="0" skipped="0" failures="0">
  <properties>
[...]
</properties>
  <testcase name="contextLoads" classname="com.Vaibhav.Food_Ordering_App.FoodOrderingAppApplicationTests" time="2.231">
    <system-out><![CDATA[22:07:20.609 [main] INFO org.springframework.test.context.support.AnnotationConfigContextLoaderUtils -- Could not detect default configuration classes for test class [com.Vaibhav.Food_Ordering_App.FoodOrderingAppApplicationTests]: FoodOrderingAppApplicationTests does not declare any static, non-private, non-final, nested classes annotated with @Configuration.
22:07:21.576 [main] INFO org.springframework.boot.test.context.SpringBootTestContextBootstrapper -- Found @SpringBootConfiguration com.Vaibhav.Food_Ordering_App.FoodOrderingAppApplication for test class com.Vaibhav.Food_Ordering_App.FoodOrderingAppApplicationTests
22:07:23.638 [main] INFO org.springframework.boot.devtools.restart.RestartApplicationListener -- Restart disabled due to context in which it is running

  .   ____          _            __ _ _
 /\\ / ___'_ __ _ _(_)_ __  __ _ \ \ \ \
( ( )\___ | '_ | '_| | '_ \/ _` | \ \ \ \
 \\/  ___)| |_)| | | | | || (_| |  ) ) ) )
  '  |____| .__|_| |_|_| |_\__, | / / / /
 =========|_|==============|___/=/_/_/_/

 :: Spring Boot ::                (v3.5.5)

2025-09-19T22:07:26.468+05:30  INFO 10608 --- [Food-Ordering-App] [           main] c.V.F.FoodOrderingAppApplicationTests    : Starting FoodOrderingAppApplicationTests using Java 17.0.9 with PID 10608 (started by vaibh in C:\Users\vaibh\OneDrive\Desktop\Food-Ordering-App)
2025-09-19T22:07:26.474+05:30  INFO 10608 --- [Food-Ordering-App] [           main] c.V.F.FoodOrderingAppApplicationTests    : No active profile set, falling back to 1 default profile: "default"
2025-09-19T22:07:34.498+05:30  INFO 10608 --- [Food-Ordering-App] [           main] .s.d.r.c.RepositoryConfigurationDelegate : Bootstrapping Spring Data JPA repositories in DEFAULT mode.
2025-09-19T22:07:34.968+05:30  INFO 10608 --- [Food-Ordering-App] [           main] .s.d.r.c.RepositoryConfigurationDelegate : Finished Spring Data repository scanning in 411 ms. Found 1 JPA repository interface.
2025-09-19T22:07:38.209+05:30  INFO 10608 --- [Food-Ordering-App] [           main] o.hibernate.jpa.internal.util.LogHelper  : HHH000204: Processing PersistenceUnitInfo [name: default]
2025-09-19T22:07:38.707+05:30  INFO 10608 --- [Food-Ordering-App] [           main] org.hibernate.Version                    : HHH000412: Hibernate ORM core version 6.6.26.Final
2025-09-19T22:07:39.059+05:30  INFO 10608 --- [Food-Ordering-App] [           main] o.h.c.internal.RegionFactoryInitiator    : HHH000026: Second-level cache disabled
2025-09-19T22:07:41.576+05:30  INFO 10608 --- [Food-Ordering-App] [           main] o.s.o.j.p.SpringPersistenceUnitInfo      : No LoadTimeWeaver setup: ignoring JPA class transformer
2025-09-19T22:07:41.767+05:30  INFO 10608 --- [Food-Ordering-App] [           main] com.zaxxer.hikari.HikariDataSource       : HikariPool-1 - Starting...
2025-09-19T22:07:43.460+05:30  INFO 10608 --- [Food-Ordering-App] [           main] com.zaxxer.hikari.pool.HikariPool        : HikariPool-1 - Added connection com.mysql.cj.jdbc.ConnectionImpl@1eabfad5
2025-09-19T22:07:43.471+05:30  INFO 10608 --- [Food-Ordering-App] [           main] com.zaxxer.hikari.HikariDataSource       : HikariPool-1 - Start completed.
2025-09-19T22:07:44.259+05:30  INFO 10608 --- [Food-Ordering-App] [           main] org.hibernate.orm.connections.pooling    : HHH10001005: Database info:
	Database JDBC URL [Connecting through datasource 'HikariDataSource (HikariPool-1)']
	Database driver: undefined/unknown
	Database version: 8.0.38
	Autocommit mode: undefined/unknown
	Isolation level: undefined/unknown
	Minimum pool size: undefined/unknown
	Maximum pool size: undefined/unknown
2025-09-19T22:07:48.922+05:30  INFO 10608 --- [Food-Ordering-App] [           main] o.h.e.t.j.p.i.JtaPlatformInitiator       : HHH000489: No JTA platform available (set 'hibernate.transaction.jta.platform' to enable JTA platform integration)
2025-09-19T22:07:49.275+05:30  INFO 10608 --- [Food-Ordering-App] [           main] j.LocalContainerEntityManagerFactoryBean : Initialized JPA EntityManagerFactory for persistence unit 'default'
2025-09-19T22:07:51.287+05:30  WARN 10608 --- [Food-Ordering-App] [           main] JpaBaseConfiguration$JpaWebConfiguration : spring.jpa.open-in-view is enabled by default. Therefore, database queries may be performed during view rendering. Explicitly configure spring.jpa.open-in-view to disable this warning
2025-09-19T22:07:51.517+05:30  WARN 10608 --- [Food-Ordering-App] [           main] .s.s.UserDetailsServiceAutoConfiguration : 

Using generated security password: 70c90874-6750-410c-8fc1-33220fb46df1

This generated password is for development use only. Your security configuration must be updated before running your application in production.

2025-09-19T22:07:51.563+05:30  INFO 10608 --- [Food-Ordering-App] [           main] r$InitializeUserDetailsManagerConfigurer : Global AuthenticationManager configured with UserDetailsService bean with name inMemoryUserDetailsManager
2025-09-19T22:07:53.707+05:30  INFO 10608 --- [Food-Ordering-App] [           main] o.s.b.a.e.web.EndpointLinksResolver      : Exposing 1 endpoint beneath base path '/actuator'
2025-09-19T22:07:57.071+05:30  INFO 10608 --- [Food-Ordering-App] [           main] c.V.F.FoodOrderingAppApplicationTests    : Started FoodOrderingAppApplicationTests in 33.631 seconds (process running for 41.796)
]]></system-out>
  </testcase>
</testsuite>